2025-05-31 14:38:39,070 - root - INFO - main - === Sistema de Barbearia Iniciado ===
2025-05-31 14:38:43,777 - root - INFO - selecionar_arquivo - Novo arquivo criado: planilhas_de_servico\balanco_diario31052025.csv
2025-05-31 14:38:43,778 - root - INFO - inicializar_base_dados - Arquivo planilhas_de_servico\balanco_diario31052025.csv nao encontrado. Novo sera criado.
2025-05-31 14:38:43,813 - root - DEBUG - main - Loop 1/6 - Aguardando comando...
2025-05-31 14:38:55,871 - root - INFO - adicionar_cliente_servico - Registrando servico: Andrew Reis (Idade: 32) - barba - R$25.00
2025-05-31 14:38:55,883 - root - INFO - salvar_servicos - \u2705 Salvando servicos no arquivo planilhas_de_servico\balanco_diario31052025.csv
2025-05-31 14:38:55,930 - root - DEBUG - main - Loop 1/6 - Aguardando comando...
2025-05-31 14:39:13,182 - root - INFO - adicionar_cliente_servico - Registrando servico: Andrew Reis (Idade: 32) - sobrancelhas - R$10.00
2025-05-31 14:39:13,196 - root - INFO - salvar_servicos - \u2705 Salvando servicos no arquivo planilhas_de_servico\balanco_diario31052025.csv
2025-05-31 14:39:13,204 - root - DEBUG - main - Loop 1/6 - Aguardando comando...
2025-05-31 14:39:15,581 - root - INFO - main - Remocao de servico solicitada
2025-05-31 14:39:15,597 - root - INFO - remover_ultimo_servico - Servico removido: Andrew Reis (Idade: 32) - sobrancelhas
2025-05-31 14:39:15,604 - root - INFO - salvar_servicos - \u2705 Salvando servicos no arquivo planilhas_de_servico\balanco_diario31052025.csv
2025-05-31 14:39:15,609 - root - DEBUG - main - Loop 1/6 - Aguardando comando...
2025-05-31 14:39:22,400 - root - INFO - adicionar_cliente_servico - Registrando servico: Andrew Reis (Idade: 32) - platinado - R$100.00
2025-05-31 14:39:22,426 - root - INFO - salvar_servicos - \u2705 Salvando servicos no arquivo planilhas_de_servico\balanco_diario31052025.csv
2025-05-31 14:39:22,433 - root - DEBUG - main - Loop 1/6 - Aguardando comando...
2025-05-31 14:39:24,951 - root - DEBUG - main - Loop 2/6 - Aguardando comando...
2025-05-31 14:39:25,278 - root - DEBUG - main - Loop 3/6 - Aguardando comando...
2025-05-31 14:39:25,689 - root - DEBUG - main - Loop 4/6 - Aguardando comando...
2025-05-31 14:39:26,023 - root - DEBUG - main - Loop 5/6 - Aguardando comando...
2025-05-31 14:39:26,373 - root - DEBUG - main - Loop 6/6 - Aguardando comando...
2025-05-31 14:39:26,376 - root - ERROR - main - Limite maximo de loops atingido! Encerrando por seguranca.
2025-05-31 14:39:26,404 - root - INFO - salvar_servicos - \u2705 Salvando servicos no arquivo planilhas_de_servico\balanco_diario31052025.csv
