2025-05-19 10:55:11,173 - root - INFO - main - === Sistema de Barbearia Iniciado ===
2025-05-19 10:55:11,176 - root - INFO - inicializar_base_dados - Arquivo planilhas_de_servico\balanco_diario19052025.csv nao encontrado. Novo sera criado.
2025-05-19 10:55:11,204 - root - DEBUG - main - Loop 1/6 - Aguardando comando...
2025-05-19 10:55:26,874 - root - INFO - main - === Servico encerrado pelo usuario ===
2025-05-19 10:55:26,875 - root - INFO - salvar_servicos - Salvando servicos no arquivo planilhas_de_servico\balanco_diario19052025.csv
2025-05-19 11:04:09,767 - root - INFO - main - ===  Sistema de Barbearia Iniciado   ===
2025-05-19 11:04:20,726 - root - INFO - inicializar_base_dados - Carregando servicos do arquivo planilhas_de_servico\balanco_diario19052025.csv
2025-05-19 11:04:20,799 - root - DEBUG - main - Loop 1/6 - Aguardando comando...
2025-05-19 11:05:12,918 - root - INFO - adicionar_servico - Registrando serviço: platinado - R$100.00
2025-05-19 11:05:12,936 - root - INFO - salvar_servicos - \u2705 Salvando servicos no arquivo planilhas_de_servico\balanco_diario19052025.csv
2025-05-19 11:05:12,954 - root - DEBUG - main - Loop 1/6 - Aguardando comando...
2025-05-19 11:05:16,428 - root - DEBUG - main - Loop 2/6 - Aguardando comando...
2025-05-19 11:05:16,624 - root - DEBUG - main - Loop 3/6 - Aguardando comando...
2025-05-19 11:05:16,817 - root - DEBUG - main - Loop 4/6 - Aguardando comando...
2025-05-19 11:05:16,992 - root - DEBUG - main - Loop 5/6 - Aguardando comando...
2025-05-19 11:05:17,176 - root - DEBUG - main - Loop 6/6 - Aguardando comando...
2025-05-19 11:05:17,177 - root - ERROR - main - Limite maximo de loops atingido! Encerrando por seguranca.
2025-05-19 11:05:17,178 - root - INFO - salvar_servicos - \u2705 Salvando servicos no arquivo planilhas_de_servico\balanco_diario19052025.csv
2025-05-19 11:05:44,152 - root - INFO - main - ===  Sistema de Barbearia Iniciado   ===
2025-05-19 11:05:54,498 - root - INFO - inicializar_base_dados - Carregando servicos do arquivo planilhas_de_servico\balanco_diario19052025.csv
2025-05-19 11:05:54,545 - root - DEBUG - main - Loop 1/6 - Aguardando comando...
2025-05-19 11:06:07,827 - root - INFO - adicionar_servico - Registrando serviço: reflexo - R$50.00
2025-05-19 11:06:07,835 - root - INFO - salvar_servicos - \u2705 Salvando servicos no arquivo planilhas_de_servico\balanco_diario19052025.csv
2025-05-19 11:06:07,844 - root - DEBUG - main - Loop 1/6 - Aguardando comando...
2025-05-19 11:06:11,217 - root - INFO - main - === Servico encerrado pelo usuario ===
2025-05-19 11:06:11,218 - root - INFO - salvar_servicos - \u2705 Salvando servicos no arquivo planilhas_de_servico\balanco_diario19052025.csv
2025-05-19 11:06:32,380 - root - INFO - main - ===  Sistema de Barbearia Iniciado   ===
2025-05-19 11:06:46,684 - root - INFO - inicializar_base_dados - Carregando servicos do arquivo planilhas_de_servico\balanco_diario19052025.csv
2025-05-19 11:06:46,721 - root - DEBUG - main - Loop 1/6 - Aguardando comando...
2025-05-19 11:07:00,745 - root - INFO - main - === Servico encerrado pelo usuario ===
2025-05-19 11:07:00,747 - root - INFO - salvar_servicos - \u2705 Salvando servicos no arquivo planilhas_de_servico\balanco_diario19052025.csv
2025-05-19 11:07:30,252 - root - INFO - main - ===  Sistema de Barbearia Iniciado   ===
2025-05-19 11:07:44,771 - root - INFO - inicializar_base_dados - Carregando servicos do arquivo planilhas_de_servico\balanco_diario19052025.csv
2025-05-19 11:07:44,809 - root - DEBUG - main - Loop 1/6 - Aguardando comando...
2025-05-19 11:07:59,437 - root - INFO - adicionar_servico - Registrando serviço: limpeza_pele - R$50.00
2025-05-19 11:07:59,450 - root - INFO - salvar_servicos - \u2705 Salvando servicos no arquivo planilhas_de_servico\balanco_diario19052025.csv
2025-05-19 11:07:59,479 - root - DEBUG - main - Loop 1/6 - Aguardando comando...
2025-05-19 11:08:08,281 - root - INFO - adicionar_servico - Registrando serviço: sobrancelhas - R$10.00
2025-05-19 11:08:08,285 - root - INFO - salvar_servicos - \u2705 Salvando servicos no arquivo planilhas_de_servico\balanco_diario19052025.csv
2025-05-19 11:08:08,290 - root - DEBUG - main - Loop 1/6 - Aguardando comando...
2025-05-19 11:08:10,706 - root - INFO - main - Remocao de servico solicitada
2025-05-19 11:08:10,713 - root - INFO - remover_ultimo_servico - Servico removido: sobrancelhas
2025-05-19 11:08:10,715 - root - INFO - salvar_servicos - \u2705 Salvando servicos no arquivo planilhas_de_servico\balanco_diario19052025.csv
2025-05-19 11:08:20,865 - root - DEBUG - main - Loop 1/6 - Aguardando comando...
2025-05-19 11:08:23,446 - root - INFO - adicionar_servico - Registrando serviço: sobrancelhas - R$10.00
2025-05-19 11:08:23,460 - root - INFO - salvar_servicos - \u2705 Salvando servicos no arquivo planilhas_de_servico\balanco_diario19052025.csv
2025-05-19 11:08:23,474 - root - DEBUG - main - Loop 1/6 - Aguardando comando...
2025-05-19 11:08:28,889 - root - INFO - main - Mostrando lista de comandos
2025-05-19 11:08:28,893 - root - DEBUG - main - Loop 1/6 - Aguardando comando...
2025-05-19 11:08:38,378 - root - INFO - adicionar_servico - Registrando serviço: pigmentacao - R$20.00
2025-05-19 11:08:38,381 - root - INFO - salvar_servicos - \u2705 Salvando servicos no arquivo planilhas_de_servico\balanco_diario19052025.csv
2025-05-19 11:08:38,387 - root - DEBUG - main - Loop 1/6 - Aguardando comando...
2025-05-19 11:08:47,443 - root - INFO - main - Listagem de serviços solicitada
2025-05-19 11:08:47,458 - root - DEBUG - main - Loop 1/6 - Aguardando comando...
2025-05-19 11:08:58,131 - root - DEBUG - main - Loop 2/6 - Aguardando comando...
2025-05-19 11:08:58,481 - root - DEBUG - main - Loop 3/6 - Aguardando comando...
2025-05-19 11:09:00,401 - root - INFO - main - Resumo diario solicitado
2025-05-19 11:09:00,417 - root - DEBUG - main - Loop 1/6 - Aguardando comando...
2025-05-19 11:09:19,731 - root - INFO - main - === Servico encerrado pelo usuario ===
2025-05-19 11:09:19,731 - root - INFO - salvar_servicos - \u2705 Salvando servicos no arquivo planilhas_de_servico\balanco_diario19052025.csv
2025-05-19 11:10:06,404 - root - INFO - main - ===  Sistema de Barbearia Iniciado   ===
2025-05-19 11:10:41,223 - root - INFO - inicializar_base_dados - Carregando servicos do arquivo planilhas_de_servico\balanco_diario19052025.csv
2025-05-19 11:10:41,301 - root - DEBUG - main - Loop 1/6 - Aguardando comando...
2025-05-19 11:10:44,098 - root - INFO - main - Resumo diario solicitado
2025-05-19 11:10:44,114 - root - DEBUG - main - Loop 1/6 - Aguardando comando...
2025-05-19 11:10:51,038 - root - INFO - main - === Servico encerrado pelo usuario ===
2025-05-19 11:10:51,039 - root - INFO - salvar_servicos - \u2705 Salvando servicos no arquivo planilhas_de_servico\balanco_diario19052025.csv
