2025-05-20 13:44:05,055 - root - INFO - main - ===  Sistema de Barbearia Iniciado   ===
2025-05-20 13:44:17,409 - root - INFO - selecionar_arquivo - Arquivo selecionado: planilhas_de_servico\balanco_diario19052025.csv
2025-05-20 13:44:17,412 - root - INFO - inicializar_base_dados - Carregando servicos do arquivo planilhas_de_servico\balanco_diario19052025.csv
2025-05-20 13:44:17,461 - root - DEBUG - main - Loop 1/6 - Aguardando comando...
2025-05-20 13:44:38,685 - root - INFO - adicionar_cliente_servico - Registrando serviço: Andrew Reis - camuflagem_barba - R$10.00
2025-05-20 13:44:38,696 - root - INFO - salvar_servicos - \u2705 Salvando servicos no arquivo planilhas_de_servico\balanco_diario19052025.csv
2025-05-20 13:44:38,724 - root - DEBUG - main - Loop 1/6 - Aguardando comando...
2025-05-20 13:58:06,331 - root - INFO - main - ===  Sistema de Barbearia Iniciado   ===
2025-05-20 13:58:21,852 - root - INFO - selecionar_arquivo - Arquivo selecionado: planilhas_de_servico\balanco_diario19052025.csv
2025-05-20 13:58:21,853 - root - INFO - inicializar_base_dados - Carregando servicos do arquivo planilhas_de_servico\balanco_diario19052025.csv
2025-05-20 13:58:21,906 - root - DEBUG - main - Loop 1/6 - Aguardando comando...
2025-05-20 13:58:46,908 - root - DEBUG - main - Loop 2/6 - Aguardando comando...
2025-05-20 13:58:47,259 - root - DEBUG - main - Loop 3/6 - Aguardando comando...
2025-05-20 13:58:47,593 - root - DEBUG - main - Loop 4/6 - Aguardando comando...
2025-05-20 13:58:47,930 - root - DEBUG - main - Loop 5/6 - Aguardando comando...
2025-05-20 13:58:48,307 - root - DEBUG - main - Loop 6/6 - Aguardando comando...
2025-05-20 13:58:48,307 - root - ERROR - main - Limite maximo de loops atingido! Encerrando por seguranca.
2025-05-20 13:58:48,309 - root - INFO - salvar_servicos - \u2705 Salvando servicos no arquivo planilhas_de_servico\balanco_diario19052025.csv
2025-05-20 13:59:15,093 - root - INFO - main - ===  Sistema de Barbearia Iniciado   ===
2025-05-20 13:59:19,947 - root - INFO - selecionar_arquivo - Novo arquivo criado: planilhas_de_servico\balanco_diario20052025.csv
2025-05-20 13:59:19,948 - root - INFO - inicializar_base_dados - Arquivo planilhas_de_servico\balanco_diario20052025.csv nao encontrado. Novo sera criado.
2025-05-20 13:59:20,003 - root - DEBUG - main - Loop 1/6 - Aguardando comando...
2025-05-20 13:59:37,469 - root - INFO - adicionar_cliente_servico - Registrando serviço: Andrew Reis - barba - R$25.00
2025-05-20 13:59:37,479 - root - INFO - salvar_servicos - \u2705 Salvando servicos no arquivo planilhas_de_servico\balanco_diario20052025.csv
2025-05-20 13:59:37,498 - root - DEBUG - main - Loop 1/6 - Aguardando comando...
2025-05-20 13:59:39,866 - root - INFO - main - === Servico encerrado pelo usuario ===
2025-05-20 13:59:39,867 - root - INFO - salvar_servicos - \u2705 Salvando servicos no arquivo planilhas_de_servico\balanco_diario20052025.csv
